2020-02-21 22:09:15.026  INFO 3764 --- [restartedMain] life.ls.community.CommunityApplication   : Starting CommunityApplication on earnest with PID 3764 (C:\code\community\target\classes started by wang in C:\code\community)
2020-02-21 22:09:15.048  INFO 3764 --- [restartedMain] life.ls.community.CommunityApplication   : No active profile set, falling back to default profiles: default
2020-02-21 22:09:15.129  INFO 3764 --- [restartedMain] .e.DevToolsPropertyDefaultsPostProcessor : Devtools property defaults active! Set 'spring.devtools.add-properties' to 'false' to disable
2020-02-21 22:09:15.129  INFO 3764 --- [restartedMain] .e.DevToolsPropertyDefaultsPostProcessor : For additional web related logging consider setting the 'logging.level.web' property to 'DEBUG'
2020-02-21 22:09:15.271  WARN 3764 --- [background-preinit] o.s.h.c.j.Jackson2ObjectMapperBuilder    : For Jackson Kotlin classes support please add "com.fasterxml.jackson.module:jackson-module-kotlin" to the classpath
2020-02-21 22:09:16.904  INFO 3764 --- [restartedMain] o.s.b.w.embedded.tomcat.TomcatWebServer  : Tomcat initialized with port(s): 8080 (http)
2020-02-21 22:09:16.915  INFO 3764 --- [restartedMain] o.apache.catalina.core.StandardService   : Starting service [Tomcat]
2020-02-21 22:09:16.916  INFO 3764 --- [restartedMain] org.apache.catalina.core.StandardEngine  : Starting Servlet engine: [Apache Tomcat/9.0.29]
2020-02-21 22:09:17.037  INFO 3764 --- [restartedMain] o.a.c.c.C.[Tomcat].[localhost].[/]       : Initializing Spring embedded WebApplicationContext
2020-02-21 22:09:17.038  INFO 3764 --- [restartedMain] o.s.web.context.ContextLoader            : Root WebApplicationContext: initialization completed in 1908 ms
2020-02-21 22:09:17.081  WARN 3764 --- [restartedMain] o.a.c.c.C.[Tomcat].[localhost].[/]       : Cannot deserialize session attribute [hotTags] for session [2B370CC61945949F0F2589D254913AB3]
2020-02-21 22:09:17.593  INFO 3764 --- [restartedMain] o.s.s.concurrent.ThreadPoolTaskExecutor  : Initializing ExecutorService 'applicationTaskExecutor'
2020-02-21 22:09:17.667  INFO 3764 --- [restartedMain] o.s.b.a.w.s.WelcomePageHandlerMapping    : Adding welcome page template: index
2020-02-21 22:09:17.831  INFO 3764 --- [restartedMain] o.s.s.c.ThreadPoolTaskScheduler          : Initializing ExecutorService 'taskScheduler'
2020-02-21 22:09:18.422  INFO 3764 --- [restartedMain] o.s.b.d.a.OptionalLiveReloadServer       : LiveReload server is running on port 35729
2020-02-21 22:09:18.448  INFO 3764 --- [scheduling-1] life.ls.community.schedule.HotTagTasks   : 每3小时执行一次：Fri Feb 21 22:09:18 CST 2020
2020-02-21 22:09:18.469  INFO 3764 --- [scheduling-1] com.zaxxer.hikari.HikariDataSource       : HikariPool-1 - Starting...
2020-02-21 22:09:18.475  INFO 3764 --- [restartedMain] o.s.b.w.embedded.tomcat.TomcatWebServer  : Tomcat started on port(s): 8080 (http) with context path ''
2020-02-21 22:09:18.480  INFO 3764 --- [restartedMain] life.ls.community.CommunityApplication   : Started CommunityApplication in 3.966 seconds (JVM running for 6.934)
2020-02-21 22:09:18.770  INFO 3764 --- [scheduling-1] com.zaxxer.hikari.HikariDataSource       : HikariPool-1 - Start completed.
2020-02-21 22:09:31.339  INFO 3764 --- [http-nio-8080-exec-2] o.a.c.c.C.[Tomcat].[localhost].[/]       : Initializing Spring DispatcherServlet 'dispatcherServlet'
2020-02-21 22:09:31.340  INFO 3764 --- [http-nio-8080-exec-2] o.s.web.servlet.DispatcherServlet        : Initializing Servlet 'dispatcherServlet'
2020-02-21 22:09:31.347  INFO 3764 --- [http-nio-8080-exec-2] o.s.web.servlet.DispatcherServlet        : Completed initialization in 7 ms
